<?xml version="1.0" encoding="utf-8"?><testsuites name="pytest tests"><testsuite name="pytest" errors="0" failures="0" skipped="0" tests="7" time="37.382" timestamp="2026-09-12T15:03:18.998322+00:00" hostname="agent-env-074f96df-d0a6-496d-b0e7-1cafe93c2df1"><testcase classname="tests.backend_test" name="test_search_music" time="24.893" /><testcase classname="tests.backend_test" name="test_video_dqw" time="0.615" /><testcase classname="tests.backend_test" name="test_video_blocked_424_and_search_still_works" time="9.970" /><testcase classname="tests.backend_test" name="test_auth_me" time="0.379" /><testcase classname="tests.backend_test" name="test_history_flow" time="0.298" /><testcase classname="tests.backend_test" name="test_playlists_flow" time="0.359" /><testcase classname="tests.backend_test" name="test_subscriptions_flow" time="0.344" /></testsuite></testsuites>